<?xml version="1.0" encoding="UTF-8"?>
<testsuite xmlns:xsi="http://www.w3.org/2001/XMLSchema-instance" xsi:noNamespaceSchemaLocation="https://maven.apache.org/surefire/maven-surefire-plugin/xsd/surefire-test-report.xsd" version="3.0.2" name="com.portfolio.ArcadeBackendApplicationTests" time="4.862" tests="1" errors="0" skipped="0" failures="0">
  <properties>
[...]
</properties>
  <testcase name="contextLoads" classname="com.portfolio.ArcadeBackendApplicationTests" time="1.326">
    <system-out><![CDATA[10:15:51.143 [main] INFO org.springframework.test.context.support.AnnotationConfigContextLoaderUtils -- Could not detect default configuration classes for test class [com.portfolio.ArcadeBackendApplicationTests]: ArcadeBackendApplicationTests does not declare any static, non-private, non-final, nested classes annotated with @Configuration.
10:15:51.350 [main] INFO org.springframework.boot.test.context.SpringBootTestContextBootstrapper -- Found @SpringBootConfiguration com.portfolio.ArcadeBackendApplication for test class com.portfolio.ArcadeBackendApplicationTests

  .   ____          _            __ _ _
 /\\ / ___'_ __ _ _(_)_ __  __ _ \ \ \ \
( ( )\___ | '_ | '_| | '_ \/ _` | \ \ \ \
 \\/  ___)| |_)| | | | | || (_| |  ) ) ) )
  '  |____| .__|_| |_|_| |_\__, | / / / /
 =========|_|==============|___/=/_/_/_/

 :: Spring Boot ::                (v4.0.2)

2026-09-17T10:15:52.136+07:00  INFO 6680 --- [arcade-backend] [           main] c.p.ArcadeBackendApplicationTests        : Starting ArcadeBackendApplicationTests using Java 25.0.3 with PID 6680 (started by KakangNew in C:\aproject-web-be)
2026-09-17T10:15:52.139+07:00  INFO 6680 --- [arcade-backend] [           main] c.p.ArcadeBackendApplicationTests        : No active profile set, falling back to 1 default profile: "default"
2026-09-17T10:15:54.318+07:00  INFO 6680 --- [arcade-backend] [           main] c.p.ArcadeBackendApplicationTests        : Started ArcadeBackendApplicationTests in 2.705 seconds (process running for 4.783)
]]></system-out>
    <system-err><![CDATA[Mockito is currently self-attaching to enable the inline-mock-maker. This will no longer work in future releases of the JDK. Please add Mockito as an agent to your build as described in Mockito's documentation: https://javadoc.io/doc/org.mockito/mockito-core/latest/org.mockito/org/mockito/Mockito.html#0.3
WARNING: A Java agent has been loaded dynamically (C:\Users\KakangNew\.m2\repository\net\bytebuddy\byte-buddy-agent\1.17.8\byte-buddy-agent-1.17.8.jar)
WARNING: If a serviceability tool is in use, please run with -XX:+EnableDynamicAgentLoading to hide this warning
WARNING: If a serviceability tool is not in use, please run with -Djdk.instrument.traceUsage for more information
WARNING: Dynamic loading of agents will be disallowed by default in a future release
]]></system-err>
  </testcase>
</testsuite>